{"/home/bgrounds/Projects/bagrounds/data-tools/lib/data-sets.js":{"path":"/home/bgrounds/Projects/bagrounds/data-tools/lib/data-sets.js","s":{"1":1,"2":1,"3":1,"4":1,"5":1,"6":2,"7":2,"8":20,"9":20,"10":25,"11":20,"12":2,"13":20,"14":20,"15":20,"16":25,"17":1,"18":24,"19":20,"20":2,"21":1,"22":1,"23":1,"24":1,"25":1,"26":1,"27":2,"28":4,"29":2,"30":2,"31":1,"32":1,"33":19,"34":19,"35":19,"36":61,"37":1,"38":1,"39":1,"40":1,"41":1,"42":7,"43":7,"44":1,"45":1,"46":5,"47":0,"48":5,"49":5,"50":5,"51":5,"52":5,"53":14,"54":1,"55":14,"56":14,"57":14,"58":0,"59":0,"60":14,"61":42,"62":3,"63":3,"64":5,"65":3,"66":2,"67":1,"68":20,"69":20,"70":20,"71":62,"72":62,"73":310,"74":61,"75":62,"76":62,"77":1,"78":1,"79":1,"80":10,"81":50,"82":10,"83":50,"84":10,"85":10,"86":1,"87":1,"88":1,"89":1,"90":1,"91":1,"92":2},"b":{"1":[1,24],"2":[0,5],"3":[1,13],"4":[0,14],"5":[3,39],"6":[42,12,4],"7":[3,2],"8":[61,249],"9":[10,40]},"f":{"1":1,"2":2,"3":20,"4":25,"5":20,"6":25,"7":1,"8":2,"9":4,"10":19,"11":61,"12":1,"13":7,"14":5,"15":14,"16":42,"17":20,"18":62,"19":310,"20":1,"21":10,"22":50,"23":1,"24":2},"fnMap":{"1":{"name":"(anonymous_1)","line":6,"loc":{"start":{"line":6,"column":2},"end":{"line":6,"column":14}}},"2":{"name":"makeTabular","line":37,"loc":{"start":{"line":37,"column":2},"end":{"line":37,"column":33}}},"3":{"name":"(anonymous_3)","line":41,"loc":{"start":{"line":41,"column":33},"end":{"line":41,"column":63}}},"4":{"name":"(anonymous_4)","line":44,"loc":{"start":{"line":44,"column":19},"end":{"line":44,"column":34}}},"5":{"name":"(anonymous_5)","line":52,"loc":{"start":{"line":52,"column":26},"end":{"line":52,"column":43}}},"6":{"name":"(anonymous_6)","line":57,"loc":{"start":{"line":57,"column":19},"end":{"line":57,"column":34}}},"7":{"name":"columnOperator","line":79,"loc":{"start":{"line":79,"column":2},"end":{"line":79,"column":36}}},"8":{"name":"(anonymous_8)","line":85,"loc":{"start":{"line":85,"column":26},"end":{"line":85,"column":43}}},"9":{"name":"(anonymous_9)","line":86,"loc":{"start":{"line":86,"column":36},"end":{"line":86,"column":59}}},"10":{"name":"getColumn","line":105,"loc":{"start":{"line":105,"column":2},"end":{"line":105,"column":31}}},"11":{"name":"(anonymous_11)","line":109,"loc":{"start":{"line":109,"column":23},"end":{"line":109,"column":40}}},"12":{"name":"setColumn","line":122,"loc":{"start":{"line":122,"column":2},"end":{"line":122,"column":31}}},"13":{"name":"(anonymous_13)","line":127,"loc":{"start":{"line":127,"column":26},"end":{"line":127,"column":50}}},"14":{"name":"isInvalidDataSet","line":142,"loc":{"start":{"line":142,"column":2},"end":{"line":142,"column":38}}},"15":{"name":"(anonymous_15)","line":158,"loc":{"start":{"line":158,"column":20},"end":{"line":158,"column":44}}},"16":{"name":"(anonymous_16)","line":175,"loc":{"start":{"line":175,"column":29},"end":{"line":175,"column":44}}},"17":{"name":"rowTypes","line":198,"loc":{"start":{"line":198,"column":2},"end":{"line":198,"column":30}}},"18":{"name":"(anonymous_18)","line":209,"loc":{"start":{"line":209,"column":30},"end":{"line":209,"column":58}}},"19":{"name":"(anonymous_19)","line":212,"loc":{"start":{"line":212,"column":25},"end":{"line":212,"column":46}}},"20":{"name":"removeEmptyColumns","line":231,"loc":{"start":{"line":231,"column":2},"end":{"line":231,"column":40}}},"21":{"name":"(anonymous_21)","line":234,"loc":{"start":{"line":234,"column":27},"end":{"line":234,"column":50}}},"22":{"name":"(anonymous_22)","line":235,"loc":{"start":{"line":235,"column":31},"end":{"line":235,"column":55}}},"23":{"name":"removeColumn","line":263,"loc":{"start":{"line":263,"column":2},"end":{"line":263,"column":34}}},"24":{"name":"(anonymous_24)","line":267,"loc":{"start":{"line":267,"column":23},"end":{"line":267,"column":40}}}},"statementMap":{"1":{"start":{"line":6,"column":1},"end":{"line":271,"column":4}},"2":{"start":{"line":12,"column":2},"end":{"line":12,"column":27}},"3":{"start":{"line":13,"column":2},"end":{"line":13,"column":49}},"4":{"start":{"line":16,"column":2},"end":{"line":25,"column":3}},"5":{"start":{"line":37,"column":2},"end":{"line":68,"column":3}},"6":{"start":{"line":38,"column":4},"end":{"line":38,"column":33}},"7":{"start":{"line":41,"column":4},"end":{"line":49,"column":10}},"8":{"start":{"line":42,"column":6},"end":{"line":42,"column":30}},"9":{"start":{"line":44,"column":6},"end":{"line":46,"column":8}},"10":{"start":{"line":45,"column":8},"end":{"line":45,"column":31}},"11":{"start":{"line":48,"column":6},"end":{"line":48,"column":24}},"12":{"start":{"line":52,"column":4},"end":{"line":65,"column":6}},"13":{"start":{"line":53,"column":6},"end":{"line":53,"column":30}},"14":{"start":{"line":55,"column":6},"end":{"line":55,"column":47}},"15":{"start":{"line":57,"column":6},"end":{"line":62,"column":8}},"16":{"start":{"line":58,"column":8},"end":{"line":60,"column":9}},"17":{"start":{"line":59,"column":10},"end":{"line":59,"column":16}},"18":{"start":{"line":61,"column":8},"end":{"line":61,"column":40}},"19":{"start":{"line":64,"column":6},"end":{"line":64,"column":27}},"20":{"start":{"line":67,"column":4},"end":{"line":67,"column":18}},"21":{"start":{"line":79,"column":2},"end":{"line":96,"column":3}},"22":{"start":{"line":80,"column":4},"end":{"line":80,"column":33}},"23":{"start":{"line":81,"column":4},"end":{"line":81,"column":35}},"24":{"start":{"line":82,"column":4},"end":{"line":82,"column":43}},"25":{"start":{"line":83,"column":4},"end":{"line":83,"column":43}},"26":{"start":{"line":85,"column":4},"end":{"line":93,"column":6}},"27":{"start":{"line":86,"column":6},"end":{"line":88,"column":8}},"28":{"start":{"line":87,"column":8},"end":{"line":87,"column":33}},"29":{"start":{"line":90,"column":6},"end":{"line":90,"column":44}},"30":{"start":{"line":92,"column":6},"end":{"line":92,"column":18}},"31":{"start":{"line":95,"column":4},"end":{"line":95,"column":18}},"32":{"start":{"line":105,"column":2},"end":{"line":112,"column":3}},"33":{"start":{"line":106,"column":4},"end":{"line":106,"column":33}},"34":{"start":{"line":107,"column":4},"end":{"line":107,"column":31}},"35":{"start":{"line":109,"column":4},"end":{"line":111,"column":6}},"36":{"start":{"line":110,"column":6},"end":{"line":110,"column":26}},"37":{"start":{"line":122,"column":2},"end":{"line":134,"column":3}},"38":{"start":{"line":123,"column":4},"end":{"line":123,"column":33}},"39":{"start":{"line":124,"column":4},"end":{"line":124,"column":31}},"40":{"start":{"line":125,"column":4},"end":{"line":125,"column":31}},"41":{"start":{"line":127,"column":4},"end":{"line":131,"column":6}},"42":{"start":{"line":128,"column":6},"end":{"line":128,"column":35}},"43":{"start":{"line":130,"column":6},"end":{"line":130,"column":18}},"44":{"start":{"line":133,"column":4},"end":{"line":133,"column":18}},"45":{"start":{"line":142,"column":2},"end":{"line":190,"column":3}},"46":{"start":{"line":143,"column":4},"end":{"line":145,"column":5}},"47":{"start":{"line":144,"column":6},"end":{"line":144,"column":65}},"48":{"start":{"line":147,"column":4},"end":{"line":147,"column":19}},"49":{"start":{"line":149,"column":4},"end":{"line":149,"column":33}},"50":{"start":{"line":151,"column":4},"end":{"line":153,"column":5}},"51":{"start":{"line":155,"column":4},"end":{"line":155,"column":43}},"52":{"start":{"line":158,"column":4},"end":{"line":183,"column":6}},"53":{"start":{"line":159,"column":6},"end":{"line":161,"column":7}},"54":{"start":{"line":160,"column":8},"end":{"line":160,"column":78}},"55":{"start":{"line":163,"column":6},"end":{"line":165,"column":7}},"56":{"start":{"line":167,"column":6},"end":{"line":167,"column":43}},"57":{"start":{"line":169,"column":6},"end":{"line":172,"column":7}},"58":{"start":{"line":170,"column":8},"end":{"line":170,"column":71}},"59":{"start":{"line":171,"column":8},"end":{"line":171,"column":39}},"60":{"start":{"line":175,"column":6},"end":{"line":182,"column":8}},"61":{"start":{"line":176,"column":8},"end":{"line":181,"column":9}},"62":{"start":{"line":179,"column":10},"end":{"line":179,"column":74}},"63":{"start":{"line":180,"column":10},"end":{"line":180,"column":41}},"64":{"start":{"line":185,"column":4},"end":{"line":189,"column":5}},"65":{"start":{"line":186,"column":6},"end":{"line":186,"column":30}},"66":{"start":{"line":188,"column":6},"end":{"line":188,"column":18}},"67":{"start":{"line":198,"column":2},"end":{"line":222,"column":3}},"68":{"start":{"line":199,"column":4},"end":{"line":199,"column":25}},"69":{"start":{"line":201,"column":4},"end":{"line":207,"column":5}},"70":{"start":{"line":209,"column":4},"end":{"line":221,"column":10}},"71":{"start":{"line":210,"column":6},"end":{"line":210,"column":31}},"72":{"start":{"line":212,"column":6},"end":{"line":216,"column":8}},"73":{"start":{"line":213,"column":8},"end":{"line":215,"column":9}},"74":{"start":{"line":214,"column":10},"end":{"line":214,"column":26}},"75":{"start":{"line":218,"column":6},"end":{"line":218,"column":29}},"76":{"start":{"line":220,"column":6},"end":{"line":220,"column":24}},"77":{"start":{"line":231,"column":2},"end":{"line":253,"column":3}},"78":{"start":{"line":232,"column":4},"end":{"line":232,"column":32}},"79":{"start":{"line":234,"column":4},"end":{"line":246,"column":10}},"80":{"start":{"line":235,"column":6},"end":{"line":241,"column":12}},"81":{"start":{"line":236,"column":8},"end":{"line":238,"column":9}},"82":{"start":{"line":237,"column":10},"end":{"line":237,"column":34}},"83":{"start":{"line":240,"column":8},"end":{"line":240,"column":21}},"84":{"start":{"line":243,"column":6},"end":{"line":243,"column":22}},"85":{"start":{"line":245,"column":6},"end":{"line":245,"column":19}},"86":{"start":{"line":248,"column":4},"end":{"line":250,"column":5}},"87":{"start":{"line":252,"column":4},"end":{"line":252,"column":42}},"88":{"start":{"line":263,"column":2},"end":{"line":270,"column":3}},"89":{"start":{"line":264,"column":4},"end":{"line":264,"column":33}},"90":{"start":{"line":265,"column":4},"end":{"line":265,"column":31}},"91":{"start":{"line":267,"column":4},"end":{"line":269,"column":6}},"92":{"start":{"line":268,"column":6},"end":{"line":268,"column":34}}},"branchMap":{"1":{"line":58,"type":"if","locations":[{"start":{"line":58,"column":8},"end":{"line":58,"column":8}},{"start":{"line":58,"column":8},"end":{"line":58,"column":8}}]},"2":{"line":143,"type":"if","locations":[{"start":{"line":143,"column":4},"end":{"line":143,"column":4}},{"start":{"line":143,"column":4},"end":{"line":143,"column":4}}]},"3":{"line":159,"type":"if","locations":[{"start":{"line":159,"column":6},"end":{"line":159,"column":6}},{"start":{"line":159,"column":6},"end":{"line":159,"column":6}}]},"4":{"line":169,"type":"if","locations":[{"start":{"line":169,"column":6},"end":{"line":169,"column":6}},{"start":{"line":169,"column":6},"end":{"line":169,"column":6}}]},"5":{"line":176,"type":"if","locations":[{"start":{"line":176,"column":8},"end":{"line":176,"column":8}},{"start":{"line":176,"column":8},"end":{"line":176,"column":8}}]},"6":{"line":176,"type":"binary-expr","locations":[{"start":{"line":176,"column":12},"end":{"line":176,"column":38}},{"start":{"line":177,"column":10},"end":{"line":177,"column":31}},{"start":{"line":178,"column":10},"end":{"line":178,"column":32}}]},"7":{"line":185,"type":"if","locations":[{"start":{"line":185,"column":4},"end":{"line":185,"column":4}},{"start":{"line":185,"column":4},"end":{"line":185,"column":4}}]},"8":{"line":213,"type":"if","locations":[{"start":{"line":213,"column":8},"end":{"line":213,"column":8}},{"start":{"line":213,"column":8},"end":{"line":213,"column":8}}]},"9":{"line":236,"type":"if","locations":[{"start":{"line":236,"column":8},"end":{"line":236,"column":8}},{"start":{"line":236,"column":8},"end":{"line":236,"column":8}}]}}},"/home/bgrounds/Projects/bagrounds/data-tools/data-tools.js":{"path":"/home/bgrounds/Projects/bagrounds/data-tools/data-tools.js","s":{"1":1,"2":1,"3":1,"4":1,"5":0,"6":0,"7":0,"8":0,"9":0,"10":1,"11":0,"12":0,"13":0,"14":0},"b":{"1":[0,0],"2":[0,0]},"f":{"1":1,"2":0,"3":0},"fnMap":{"1":{"name":"(anonymous_1)","line":6,"loc":{"start":{"line":6,"column":2},"end":{"line":6,"column":14}}},"2":{"name":"dataTools","line":32,"loc":{"start":{"line":32,"column":2},"end":{"line":32,"column":41}}},"3":{"name":"invalidOptions","line":56,"loc":{"start":{"line":56,"column":2},"end":{"line":56,"column":36}}}},"statementMap":{"1":{"start":{"line":6,"column":1},"end":{"line":65,"column":4}},"2":{"start":{"line":11,"column":2},"end":{"line":11,"column":49}},"3":{"start":{"line":14,"column":2},"end":{"line":21,"column":3}},"4":{"start":{"line":32,"column":2},"end":{"line":41,"column":3}},"5":{"start":{"line":33,"column":4},"end":{"line":33,"column":39}},"6":{"start":{"line":35,"column":4},"end":{"line":38,"column":5}},"7":{"start":{"line":36,"column":6},"end":{"line":36,"column":21}},"8":{"start":{"line":37,"column":6},"end":{"line":37,"column":12}},"9":{"start":{"line":40,"column":4},"end":{"line":40,"column":53}},"10":{"start":{"line":56,"column":2},"end":{"line":64,"column":3}},"11":{"start":{"line":57,"column":4},"end":{"line":61,"column":5}},"12":{"start":{"line":58,"column":6},"end":{"line":58,"column":49}},"13":{"start":{"line":60,"column":6},"end":{"line":60,"column":31}},"14":{"start":{"line":63,"column":4},"end":{"line":63,"column":16}}},"branchMap":{"1":{"line":35,"type":"if","locations":[{"start":{"line":35,"column":4},"end":{"line":35,"column":4}},{"start":{"line":35,"column":4},"end":{"line":35,"column":4}}]},"2":{"line":57,"type":"if","locations":[{"start":{"line":57,"column":4},"end":{"line":57,"column":4}},{"start":{"line":57,"column":4},"end":{"line":57,"column":4}}]}}},"/home/bgrounds/Projects/bagrounds/data-tools/lib/strings.js":{"path":"/home/bgrounds/Projects/bagrounds/data-tools/lib/strings.js","s":{"1":1,"2":1,"3":1,"4":2},"b":{},"f":{"1":1,"2":2},"fnMap":{"1":{"name":"(anonymous_1)","line":6,"loc":{"start":{"line":6,"column":2},"end":{"line":6,"column":14}}},"2":{"name":"parseNumber","line":27,"loc":{"start":{"line":27,"column":2},"end":{"line":27,"column":33}}}},"statementMap":{"1":{"start":{"line":6,"column":1},"end":{"line":30,"column":4}},"2":{"start":{"line":13,"column":2},"end":{"line":15,"column":3}},"3":{"start":{"line":27,"column":2},"end":{"line":29,"column":3}},"4":{"start":{"line":28,"column":4},"end":{"line":28,"column":35}}},"branchMap":{}},"/home/bgrounds/Projects/bagrounds/data-tools/lib/transform.js":{"path":"/home/bgrounds/Projects/bagrounds/data-tools/lib/transform.js","s":{"1":1,"2":1,"3":1,"4":1,"5":1,"6":3,"7":3,"8":3,"9":3,"10":6,"11":6,"12":18,"13":18,"14":54,"15":18,"16":18,"17":6,"18":6},"b":{},"f":{"1":1,"2":3,"3":6,"4":18,"5":54},"fnMap":{"1":{"name":"(anonymous_1)","line":5,"loc":{"start":{"line":5,"column":2},"end":{"line":5,"column":14}}},"2":{"name":"aggregate","line":33,"loc":{"start":{"line":33,"column":2},"end":{"line":33,"column":31}}},"3":{"name":"(anonymous_3)","line":40,"loc":{"start":{"line":40,"column":30},"end":{"line":40,"column":45}}},"4":{"name":"(anonymous_4)","line":43,"loc":{"start":{"line":43,"column":38},"end":{"line":43,"column":66}}},"5":{"name":"(anonymous_5)","line":49,"loc":{"start":{"line":49,"column":31},"end":{"line":49,"column":48}}}},"statementMap":{"1":{"start":{"line":5,"column":1},"end":{"line":63,"column":4}},"2":{"start":{"line":8,"column":2},"end":{"line":8,"column":27}},"3":{"start":{"line":10,"column":2},"end":{"line":10,"column":39}},"4":{"start":{"line":12,"column":2},"end":{"line":14,"column":3}},"5":{"start":{"line":33,"column":2},"end":{"line":62,"column":3}},"6":{"start":{"line":34,"column":4},"end":{"line":34,"column":33}},"7":{"start":{"line":36,"column":4},"end":{"line":36,"column":36}},"8":{"start":{"line":38,"column":4},"end":{"line":38,"column":47}},"9":{"start":{"line":40,"column":4},"end":{"line":61,"column":6}},"10":{"start":{"line":41,"column":6},"end":{"line":41,"column":34}},"11":{"start":{"line":43,"column":6},"end":{"line":56,"column":12}},"12":{"start":{"line":44,"column":8},"end":{"line":47,"column":10}},"13":{"start":{"line":49,"column":8},"end":{"line":51,"column":10}},"14":{"start":{"line":50,"column":10},"end":{"line":50,"column":30}},"15":{"start":{"line":53,"column":8},"end":{"line":53,"column":51}},"16":{"start":{"line":55,"column":8},"end":{"line":55,"column":26}},"17":{"start":{"line":58,"column":6},"end":{"line":58,"column":34}},"18":{"start":{"line":60,"column":6},"end":{"line":60,"column":23}}},"branchMap":{}},"/home/bgrounds/Projects/bagrounds/data-tools/lib/format.js":{"path":"/home/bgrounds/Projects/bagrounds/data-tools/lib/format.js","s":{"1":1,"2":1,"3":1,"4":1,"5":2,"6":2,"7":1,"8":2},"b":{"1":[1,1]},"f":{"1":1,"2":2},"fnMap":{"1":{"name":"(anonymous_1)","line":6,"loc":{"start":{"line":6,"column":2},"end":{"line":6,"column":14}}},"2":{"name":"jsonToCsv","line":31,"loc":{"start":{"line":31,"column":2},"end":{"line":31,"column":41}}}},"statementMap":{"1":{"start":{"line":6,"column":1},"end":{"line":44,"column":4}},"2":{"start":{"line":10,"column":2},"end":{"line":10,"column":36}},"3":{"start":{"line":13,"column":2},"end":{"line":15,"column":3}},"4":{"start":{"line":31,"column":2},"end":{"line":43,"column":3}},"5":{"start":{"line":32,"column":4},"end":{"line":36,"column":5}},"6":{"start":{"line":38,"column":4},"end":{"line":40,"column":5}},"7":{"start":{"line":39,"column":6},"end":{"line":39,"column":45}},"8":{"start":{"line":42,"column":4},"end":{"line":42,"column":46}}},"branchMap":{"1":{"line":38,"type":"if","locations":[{"start":{"line":38,"column":4},"end":{"line":38,"column":4}},{"start":{"line":38,"column":4},"end":{"line":38,"column":4}}]}}},"/home/bgrounds/Projects/bagrounds/data-tools/lib/filter.js":{"path":"/home/bgrounds/Projects/bagrounds/data-tools/lib/filter.js","s":{"1":1,"2":1,"3":1,"4":1,"5":1,"6":1,"7":1,"8":1,"9":0,"10":1,"11":1,"12":1,"13":0,"14":1,"15":2,"16":2,"17":4,"18":2,"19":1,"20":1,"21":1,"22":0,"23":1,"24":0,"25":1,"26":1,"27":0,"28":1},"b":{"1":[0,1],"2":[0,1],"3":[1,1],"4":[0,1],"5":[0,1],"6":[0,1]},"f":{"1":1,"2":1,"3":2,"4":4,"5":1},"fnMap":{"1":{"name":"(anonymous_1)","line":5,"loc":{"start":{"line":5,"column":2},"end":{"line":5,"column":14}}},"2":{"name":"filterColumns","line":27,"loc":{"start":{"line":27,"column":2},"end":{"line":27,"column":35}}},"3":{"name":"(anonymous_3)","line":40,"loc":{"start":{"line":40,"column":23},"end":{"line":40,"column":38}}},"4":{"name":"(anonymous_4)","line":43,"loc":{"start":{"line":43,"column":23},"end":{"line":43,"column":38}}},"5":{"name":"invalidFilterColumnOptions","line":60,"loc":{"start":{"line":60,"column":2},"end":{"line":60,"column":48}}}},"statementMap":{"1":{"start":{"line":5,"column":1},"end":{"line":81,"column":4}},"2":{"start":{"line":8,"column":2},"end":{"line":8,"column":27}},"3":{"start":{"line":10,"column":2},"end":{"line":10,"column":49}},"4":{"start":{"line":11,"column":2},"end":{"line":11,"column":39}},"5":{"start":{"line":13,"column":2},"end":{"line":15,"column":3}},"6":{"start":{"line":27,"column":2},"end":{"line":49,"column":3}},"7":{"start":{"line":28,"column":4},"end":{"line":28,"column":51}},"8":{"start":{"line":30,"column":4},"end":{"line":30,"column":26}},"9":{"start":{"line":30,"column":15},"end":{"line":30,"column":26}},"10":{"start":{"line":32,"column":4},"end":{"line":32,"column":33}},"11":{"start":{"line":34,"column":4},"end":{"line":34,"column":35}},"12":{"start":{"line":36,"column":4},"end":{"line":38,"column":5}},"13":{"start":{"line":37,"column":6},"end":{"line":37,"column":69}},"14":{"start":{"line":40,"column":4},"end":{"line":48,"column":6}},"15":{"start":{"line":41,"column":6},"end":{"line":41,"column":21}},"16":{"start":{"line":43,"column":6},"end":{"line":45,"column":8}},"17":{"start":{"line":44,"column":8},"end":{"line":44,"column":43}},"18":{"start":{"line":47,"column":6},"end":{"line":47,"column":19}},"19":{"start":{"line":60,"column":2},"end":{"line":80,"column":3}},"20":{"start":{"line":61,"column":4},"end":{"line":61,"column":63}},"21":{"start":{"line":63,"column":4},"end":{"line":65,"column":5}},"22":{"start":{"line":64,"column":6},"end":{"line":64,"column":62}},"23":{"start":{"line":67,"column":4},"end":{"line":69,"column":5}},"24":{"start":{"line":68,"column":6},"end":{"line":68,"column":72}},"25":{"start":{"line":71,"column":4},"end":{"line":73,"column":5}},"26":{"start":{"line":75,"column":4},"end":{"line":77,"column":5}},"27":{"start":{"line":76,"column":6},"end":{"line":76,"column":42}},"28":{"start":{"line":79,"column":4},"end":{"line":79,"column":15}}},"branchMap":{"1":{"line":30,"type":"if","locations":[{"start":{"line":30,"column":4},"end":{"line":30,"column":4}},{"start":{"line":30,"column":4},"end":{"line":30,"column":4}}]},"2":{"line":36,"type":"if","locations":[{"start":{"line":36,"column":4},"end":{"line":36,"column":4}},{"start":{"line":36,"column":4},"end":{"line":36,"column":4}}]},"3":{"line":61,"type":"binary-expr","locations":[{"start":{"line":61,"column":25},"end":{"line":61,"column":43}},{"start":{"line":61,"column":47},"end":{"line":61,"column":63}}]},"4":{"line":63,"type":"if","locations":[{"start":{"line":63,"column":4},"end":{"line":63,"column":4}},{"start":{"line":63,"column":4},"end":{"line":63,"column":4}}]},"5":{"line":67,"type":"if","locations":[{"start":{"line":67,"column":4},"end":{"line":67,"column":4}},{"start":{"line":67,"column":4},"end":{"line":67,"column":4}}]},"6":{"line":75,"type":"if","locations":[{"start":{"line":75,"column":4},"end":{"line":75,"column":4}},{"start":{"line":75,"column":4},"end":{"line":75,"column":4}}]}}}}