TN:
SF:/home/bgrounds/Projects/bagrounds/data-tools/lib/data-sets.js
FN:6,(anonymous_1)
FN:37,makeTabular
FN:41,(anonymous_3)
FN:44,(anonymous_4)
FN:52,(anonymous_5)
FN:57,(anonymous_6)
FN:79,columnOperator
FN:85,(anonymous_8)
FN:86,(anonymous_9)
FN:105,getColumn
FN:109,(anonymous_11)
FN:122,setColumn
FN:127,(anonymous_13)
FN:142,isInvalidDataSet
FN:158,(anonymous_15)
FN:175,(anonymous_16)
FN:198,rowTypes
FN:209,(anonymous_18)
FN:212,(anonymous_19)
FN:231,removeEmptyColumns
FN:234,(anonymous_21)
FN:235,(anonymous_22)
FN:263,removeColumn
FN:267,(anonymous_24)
FNF:24
FNH:24
FNDA:1,(anonymous_1)
FNDA:2,makeTabular
FNDA:20,(anonymous_3)
FNDA:25,(anonymous_4)
FNDA:20,(anonymous_5)
FNDA:25,(anonymous_6)
FNDA:1,columnOperator
FNDA:2,(anonymous_8)
FNDA:4,(anonymous_9)
FNDA:19,getColumn
FNDA:61,(anonymous_11)
FNDA:1,setColumn
FNDA:7,(anonymous_13)
FNDA:5,isInvalidDataSet
FNDA:14,(anonymous_15)
FNDA:42,(anonymous_16)
FNDA:20,rowTypes
FNDA:62,(anonymous_18)
FNDA:310,(anonymous_19)
FNDA:1,removeEmptyColumns
FNDA:10,(anonymous_21)
FNDA:50,(anonymous_22)
FNDA:1,removeColumn
FNDA:2,(anonymous_24)
DA:6,1
DA:12,1
DA:13,1
DA:16,1
DA:37,1
DA:38,2
DA:41,2
DA:42,20
DA:44,20
DA:45,25
DA:48,20
DA:52,2
DA:53,20
DA:55,20
DA:57,20
DA:58,25
DA:59,1
DA:61,24
DA:64,20
DA:67,2
DA:79,1
DA:80,1
DA:81,1
DA:82,1
DA:83,1
DA:85,1
DA:86,2
DA:87,4
DA:90,2
DA:92,2
DA:95,1
DA:105,1
DA:106,19
DA:107,19
DA:109,19
DA:110,61
DA:122,1
DA:123,1
DA:124,1
DA:125,1
DA:127,1
DA:128,7
DA:130,7
DA:133,1
DA:142,1
DA:143,5
DA:144,0
DA:147,5
DA:149,5
DA:151,5
DA:155,5
DA:158,5
DA:159,14
DA:160,1
DA:163,14
DA:167,14
DA:169,14
DA:170,0
DA:171,0
DA:175,14
DA:176,42
DA:179,3
DA:180,3
DA:185,5
DA:186,3
DA:188,2
DA:198,1
DA:199,20
DA:201,20
DA:209,20
DA:210,62
DA:212,62
DA:213,310
DA:214,61
DA:218,62
DA:220,62
DA:231,1
DA:232,1
DA:234,1
DA:235,10
DA:236,50
DA:237,10
DA:240,50
DA:243,10
DA:245,10
DA:248,1
DA:252,1
DA:263,1
DA:264,1
DA:265,1
DA:267,1
DA:268,2
LF:92
LH:89
BRDA:58,1,0,1
BRDA:58,1,1,24
BRDA:143,2,0,0
BRDA:143,2,1,5
BRDA:159,3,0,1
BRDA:159,3,1,13
BRDA:169,4,0,0
BRDA:169,4,1,14
BRDA:176,5,0,3
BRDA:176,5,1,39
BRDA:176,6,0,42
BRDA:176,6,1,12
BRDA:176,6,2,4
BRDA:185,7,0,3
BRDA:185,7,1,2
BRDA:213,8,0,61
BRDA:213,8,1,249
BRDA:236,9,0,10
BRDA:236,9,1,40
BRF:19
BRH:17
end_of_record
TN:
SF:/home/bgrounds/Projects/bagrounds/data-tools/data-tools.js
FN:6,(anonymous_1)
FN:32,dataTools
FN:56,invalidOptions
FNF:3
FNH:1
FNDA:1,(anonymous_1)
FNDA:0,dataTools
FNDA:0,invalidOptions
DA:6,1
DA:11,1
DA:14,1
DA:32,1
DA:33,0
DA:35,0
DA:36,0
DA:37,0
DA:40,0
DA:56,1
DA:57,0
DA:58,0
DA:60,0
DA:63,0
LF:14
LH:5
BRDA:35,1,0,0
BRDA:35,1,1,0
BRDA:57,2,0,0
BRDA:57,2,1,0
BRF:4
BRH:0
end_of_record
TN:
SF:/home/bgrounds/Projects/bagrounds/data-tools/lib/strings.js
FN:6,(anonymous_1)
FN:27,parseNumber
FNF:2
FNH:2
FNDA:1,(anonymous_1)
FNDA:2,parseNumber
DA:6,1
DA:13,1
DA:27,1
DA:28,2
LF:4
LH:4
BRF:0
BRH:0
end_of_record
TN:
SF:/home/bgrounds/Projects/bagrounds/data-tools/lib/transform.js
FN:5,(anonymous_1)
FN:33,aggregate
FN:40,(anonymous_3)
FN:43,(anonymous_4)
FN:49,(anonymous_5)
FNF:5
FNH:5
FNDA:1,(anonymous_1)
FNDA:3,aggregate
FNDA:6,(anonymous_3)
FNDA:18,(anonymous_4)
FNDA:54,(anonymous_5)
DA:5,1
DA:8,1
DA:10,1
DA:12,1
DA:33,1
DA:34,3
DA:36,3
DA:38,3
DA:40,3
DA:41,6
DA:43,6
DA:44,18
DA:49,18
DA:50,54
DA:53,18
DA:55,18
DA:58,6
DA:60,6
LF:18
LH:18
BRF:0
BRH:0
end_of_record
TN:
SF:/home/bgrounds/Projects/bagrounds/data-tools/lib/format.js
FN:6,(anonymous_1)
FN:31,jsonToCsv
FNF:2
FNH:2
FNDA:1,(anonymous_1)
FNDA:2,jsonToCsv
DA:6,1
DA:10,1
DA:13,1
DA:31,1
DA:32,2
DA:38,2
DA:39,1
DA:42,2
LF:8
LH:8
BRDA:38,1,0,1
BRDA:38,1,1,1
BRF:2
BRH:2
end_of_record
TN:
SF:/home/bgrounds/Projects/bagrounds/data-tools/lib/filter.js
FN:5,(anonymous_1)
FN:27,filterColumns
FN:40,(anonymous_3)
FN:43,(anonymous_4)
FN:60,invalidFilterColumnOptions
FNF:5
FNH:5
FNDA:1,(anonymous_1)
FNDA:1,filterColumns
FNDA:2,(anonymous_3)
FNDA:4,(anonymous_4)
FNDA:1,invalidFilterColumnOptions
DA:5,1
DA:8,1
DA:10,1
DA:11,1
DA:13,1
DA:27,1
DA:28,1
DA:30,1
DA:32,1
DA:34,1
DA:36,1
DA:37,0
DA:40,1
DA:41,2
DA:43,2
DA:44,4
DA:47,2
DA:60,1
DA:61,1
DA:63,1
DA:64,0
DA:67,1
DA:68,0
DA:71,1
DA:75,1
DA:76,0
DA:79,1
LF:27
LH:23
BRDA:30,1,0,0
BRDA:30,1,1,1
BRDA:36,2,0,0
BRDA:36,2,1,1
BRDA:61,3,0,1
BRDA:61,3,1,1
BRDA:63,4,0,0
BRDA:63,4,1,1
BRDA:67,5,0,0
BRDA:67,5,1,1
BRDA:75,6,0,0
BRDA:75,6,1,1
BRF:12
BRH:7
end_of_record
